<?xml version="1.0" encoding="UTF-8"?>
<!-- Generated by org.testng.reporters.JUnitReportReporter -->
<testsuite hostname="DESKTOP-PT92EGI" failures="0" tests="3" name="WebElement.TestNG1" time="0.014" errors="0" timestamp="2024-07-09T06:27:32 IST" skipped="0">
  <testcase classname="WebElement.TestNG1" name="Login" time="0.009"/>
  <testcase classname="WebElement.TestNG1" name="open" time="0.002"/>
  <testcase classname="WebElement.TestNG1" name="close" time="0.003"/>
</testsuite> <!-- WebElement.TestNG1 -->
